/* Log generated by MTK SP DrvGen Version  10.03.0;
 Log Time is Mon Nov 30 20:05:35 2015
 */
open operater parse MT6589_NP.fig OK!
Edit operater parse .cmp file OK!
open operater parse MT6589_NP.fig OK!
Gencode operater parse .cmp file OK!
Gencode cust_eint_ext.h OK!
Gencode cust_eint_md1.h OK!
Gencode cust_eint_md2.h OK!
Gencode cust_power.h OK!
Gencode operater parse .cmp file OK!
Gencode cust_eint_ext.h OK!
Gencode cust_eint_md1.h OK!
Gencode cust_eint_md2.h OK!
Gencode cust_power.h OK!
Gencode operater parse .cmp file OK!
Gencode cust_eint_ext.h OK!
Gencode cust_eint_md1.h OK!
Gencode cust_eint_md2.h OK!
Gencode cust_power.h OK!
open operater parse MT6589_NP.fig OK!
Gencode operater parse .cmp file OK!
Gencode cust_eint_ext.h OK!
Gencode cust_eint_md1.h OK!
Gencode cust_eint_md2.h OK!
Gencode cust_power.h OK!
Edit operater parse .cmp file OK!
Gencode operater parse .cmp file OK!
Gencode cust_eint_ext.h OK!
Gencode cust_eint_md1.h OK!
Gencode cust_eint_md2.h OK!
Gencode cust_power.h OK!
